 Bisection surface temperature solution with large range
 Date:    2010.000       2.000000       8.000000    
 Time:    9.000000    
 Model element:   0.0000000E+00
 This is not a critical problem unless it happens frequently
 and solution below appears incorrect
 Surface temperature:    277.2402      K
 Energy closure:   0.7417145    
 Iterations:           15
 Bisection surface temperature solution with large range
 Date:    2010.000       6.000000       9.000000    
 Time:    10.00000    
 Model element:   0.0000000E+00
 This is not a critical problem unless it happens frequently
 and solution below appears incorrect
 Surface temperature:    293.7429      K
 Energy closure:  -0.3103943    
 Iterations:           15
 Bisection surface temperature solution with large range
 Date:    2010.000       6.000000       9.000000    
 Time:    10.00000    
 Model element:   0.0000000E+00
 This is not a critical problem unless it happens frequently
 and solution below appears incorrect
 Surface temperature:    293.7429      K
 Energy closure:  -0.3103943    
 Iterations:           15
 Bisection surface temperature solution with large range
 Date:    2010.000       6.000000       9.000000    
 Time:    10.00000    
 Model element:   0.0000000E+00
 This is not a critical problem unless it happens frequently
 and solution below appears incorrect
 Surface temperature:    293.7429      K
 Energy closure:  -0.3103943    
 Iterations:           15
 Bisection surface temperature solution with large range
 Date:    2010.000       6.000000       9.000000    
 Time:    10.00000    
 Model element:   0.0000000E+00
 This is not a critical problem unless it happens frequently
 and solution below appears incorrect
 Surface temperature:    293.9717      K
 Energy closure:    3.815948    
 Iterations:           15
 Bisection surface temperature solution with large range
 Date:    2010.000       6.000000       9.000000    
 Time:    10.00000    
 Model element:   0.0000000E+00
 This is not a critical problem unless it happens frequently
 and solution below appears incorrect
 Surface temperature:    293.9717      K
 Energy closure:    3.803986    
 Iterations:           15
 Bisection surface temperature solution with large range
 Date:    2010.000       6.000000       9.000000    
 Time:    10.00000    
 Model element:   0.0000000E+00
 This is not a critical problem unless it happens frequently
 and solution below appears incorrect
 Surface temperature:    293.9717      K
 Energy closure:    3.815948    
 Iterations:           15
 Bisection surface temperature solution with large range
 Date:    2010.000       2.000000       8.000000    
 Time:    9.000000    
 Model element:   0.0000000E+00
 This is not a critical problem unless it happens frequently
 and solution below appears incorrect
 Surface temperature:    277.2402      K
 Energy closure:   0.2267761    
 Iterations:           15
 Bisection surface temperature solution with large range
 Date:    2010.000       6.000000       9.000000    
 Time:    10.00000    
 Model element:   0.0000000E+00
 This is not a critical problem unless it happens frequently
 and solution below appears incorrect
 Surface temperature:    293.7429      K
 Energy closure:  -0.3103943    
 Iterations:           15
 Bisection surface temperature solution with large range
 Date:    2010.000       6.000000       9.000000    
 Time:    10.00000    
 Model element:   0.0000000E+00
 This is not a critical problem unless it happens frequently
 and solution below appears incorrect
 Surface temperature:    293.7429      K
 Energy closure:  -0.3103943    
 Iterations:           15
 Bisection surface temperature solution with large range
 Date:    2010.000       6.000000       9.000000    
 Time:    10.00000    
 Model element:   0.0000000E+00
 This is not a critical problem unless it happens frequently
 and solution below appears incorrect
 Surface temperature:    293.7429      K
 Energy closure:  -0.3103943    
 Iterations:           15
 Bisection surface temperature solution with large range
 Date:    2010.000       6.000000       9.000000    
 Time:    10.00000    
 Model element:   0.0000000E+00
 This is not a critical problem unless it happens frequently
 and solution below appears incorrect
 Surface temperature:    293.9717      K
 Energy closure:    3.815948    
 Iterations:           15
 Bisection surface temperature solution with large range
 Date:    2010.000       6.000000       9.000000    
 Time:    10.00000    
 Model element:   0.0000000E+00
 This is not a critical problem unless it happens frequently
 and solution below appears incorrect
 Surface temperature:    293.9717      K
 Energy closure:    3.803986    
 Iterations:           15
 Bisection surface temperature solution with large range
 Date:    2010.000       6.000000       9.000000    
 Time:    10.00000    
 Model element:   0.0000000E+00
 This is not a critical problem unless it happens frequently
 and solution below appears incorrect
 Surface temperature:    293.9717      K
 Energy closure:    3.815948    
 Iterations:           15
 Bisection surface temperature solution with large range
 Date:    2010.000       2.000000       8.000000    
 Time:    9.000000    
 Model element:   0.0000000E+00
 This is not a critical problem unless it happens frequently
 and solution below appears incorrect
 Surface temperature:    277.2402      K
 Energy closure:   0.7417145    
 Iterations:           15
 Bisection surface temperature solution with large range
 Date:    2010.000       6.000000       9.000000    
 Time:    10.00000    
 Model element:   0.0000000E+00
 This is not a critical problem unless it happens frequently
 and solution below appears incorrect
 Surface temperature:    293.7429      K
 Energy closure:  -0.3103943    
 Iterations:           15
 Bisection surface temperature solution with large range
 Date:    2010.000       6.000000       9.000000    
 Time:    10.00000    
 Model element:   0.0000000E+00
 This is not a critical problem unless it happens frequently
 and solution below appears incorrect
 Surface temperature:    293.7429      K
 Energy closure:  -0.3103943    
 Iterations:           15
 Bisection surface temperature solution with large range
 Date:    2010.000       6.000000       9.000000    
 Time:    10.00000    
 Model element:   0.0000000E+00
 This is not a critical problem unless it happens frequently
 and solution below appears incorrect
 Surface temperature:    293.7429      K
 Energy closure:  -0.3103943    
 Iterations:           15
 Bisection surface temperature solution with large range
 Date:    2010.000       6.000000       9.000000    
 Time:    10.00000    
 Model element:   0.0000000E+00
 This is not a critical problem unless it happens frequently
 and solution below appears incorrect
 Surface temperature:    293.9717      K
 Energy closure:    3.815948    
 Iterations:           15
 Bisection surface temperature solution with large range
 Date:    2010.000       6.000000       9.000000    
 Time:    10.00000    
 Model element:   0.0000000E+00
 This is not a critical problem unless it happens frequently
 and solution below appears incorrect
 Surface temperature:    293.9717      K
 Energy closure:    3.803986    
 Iterations:           15
 Bisection surface temperature solution with large range
 Date:    2010.000       6.000000       9.000000    
 Time:    10.00000    
 Model element:   0.0000000E+00
 This is not a critical problem unless it happens frequently
 and solution below appears incorrect
 Surface temperature:    293.9717      K
 Energy closure:    3.815948    
 Iterations:           15
 Bisection surface temperature solution with large range
 Date:    2010.000       2.000000       8.000000    
 Time:    9.000000    
 Model element:   0.0000000E+00
 This is not a critical problem unless it happens frequently
 and solution below appears incorrect
 Surface temperature:    277.2402      K
 Energy closure:   0.7417145    
 Iterations:           15
 Bisection surface temperature solution with large range
 Date:    2010.000       6.000000       9.000000    
 Time:    10.00000    
 Model element:   0.0000000E+00
 This is not a critical problem unless it happens frequently
 and solution below appears incorrect
 Surface temperature:    293.7429      K
 Energy closure:  -0.3103943    
 Iterations:           15
 Bisection surface temperature solution with large range
 Date:    2010.000       6.000000       9.000000    
 Time:    10.00000    
 Model element:   0.0000000E+00
 This is not a critical problem unless it happens frequently
 and solution below appears incorrect
 Surface temperature:    293.7429      K
 Energy closure:  -0.3103943    
 Iterations:           15
 Bisection surface temperature solution with large range
 Date:    2010.000       6.000000       9.000000    
 Time:    10.00000    
 Model element:   0.0000000E+00
 This is not a critical problem unless it happens frequently
 and solution below appears incorrect
 Surface temperature:    293.7429      K
 Energy closure:  -0.3103943    
 Iterations:           15
 Bisection surface temperature solution with large range
 Date:    2010.000       6.000000       9.000000    
 Time:    10.00000    
 Model element:   0.0000000E+00
 This is not a critical problem unless it happens frequently
 and solution below appears incorrect
 Surface temperature:    293.9717      K
 Energy closure:    3.815948    
 Iterations:           15
 Bisection surface temperature solution with large range
 Date:    2010.000       6.000000       9.000000    
 Time:    10.00000    
 Model element:   0.0000000E+00
 This is not a critical problem unless it happens frequently
 and solution below appears incorrect
 Surface temperature:    293.9717      K
 Energy closure:    3.803986    
 Iterations:           15
 Bisection surface temperature solution with large range
 Date:    2010.000       6.000000       9.000000    
 Time:    10.00000    
 Model element:   0.0000000E+00
 This is not a critical problem unless it happens frequently
 and solution below appears incorrect
 Surface temperature:    293.9717      K
 Energy closure:    3.815948    
 Iterations:           15
 Bisection surface temperature solution with large range
 Date:    2010.000       2.000000       8.000000    
 Time:    9.000000    
 Model element:   0.0000000E+00
 This is not a critical problem unless it happens frequently
 and solution below appears incorrect
 Surface temperature:    277.2402      K
 Energy closure:   0.7417145    
 Iterations:           15
 Bisection surface temperature solution with large range
 Date:    2010.000       6.000000       9.000000    
 Time:    10.00000    
 Model element:   0.0000000E+00
 This is not a critical problem unless it happens frequently
 and solution below appears incorrect
 Surface temperature:    293.7429      K
 Energy closure:  -0.3103943    
 Iterations:           15
 Bisection surface temperature solution with large range
 Date:    2010.000       6.000000       9.000000    
 Time:    10.00000    
 Model element:   0.0000000E+00
 This is not a critical problem unless it happens frequently
 and solution below appears incorrect
 Surface temperature:    293.7429      K
 Energy closure:  -0.3103943    
 Iterations:           15
 Bisection surface temperature solution with large range
 Date:    2010.000       6.000000       9.000000    
 Time:    10.00000    
 Model element:   0.0000000E+00
 This is not a critical problem unless it happens frequently
 and solution below appears incorrect
 Surface temperature:    293.7429      K
 Energy closure:  -0.3103943    
 Iterations:           15
 Bisection surface temperature solution with large range
 Date:    2010.000       6.000000       9.000000    
 Time:    10.00000    
 Model element:   0.0000000E+00
 This is not a critical problem unless it happens frequently
 and solution below appears incorrect
 Surface temperature:    293.9717      K
 Energy closure:    3.815948    
 Iterations:           15
 Bisection surface temperature solution with large range
 Date:    2010.000       6.000000       9.000000    
 Time:    10.00000    
 Model element:   0.0000000E+00
 This is not a critical problem unless it happens frequently
 and solution below appears incorrect
 Surface temperature:    293.9717      K
 Energy closure:    3.803986    
 Iterations:           15
 Bisection surface temperature solution with large range
 Date:    2010.000       6.000000       9.000000    
 Time:    10.00000    
 Model element:   0.0000000E+00
 This is not a critical problem unless it happens frequently
 and solution below appears incorrect
 Surface temperature:    293.9717      K
 Energy closure:    3.815948    
 Iterations:           15
 Complete runtime:  0.1232833      minutes
 Input time:  9.2000008E-02  Seconds
 Compute time:   2.093998      Seconds
 Out time:   2.086002      Seconds
 Out timeinNC:  0.9400001      Seconds
 Aggregation time:   1.903000      Seconds
